2020-08-29 21:22:04.961  INFO 14948 --- [main] o.s.b.w.embedded.tomcat.TomcatWebServer  : Tomcat initialized with port(s): 8084 (http)
2020-08-29 21:22:04.981  INFO 14948 --- [main] o.apache.catalina.core.StandardService   : Starting com.safetynet.alerts.service [Tomcat]
2020-08-29 21:22:04.982  INFO 14948 --- [main] org.apache.catalina.core.StandardEngine  : Starting Servlet engine: [Apache Tomcat/9.0.37]
2020-08-29 21:22:05.095  INFO 14948 --- [main] o.a.c.c.C.[Tomcat].[localhost].[/]       : Initializing Spring embedded WebApplicationContext
2020-08-29 21:22:05.096  INFO 14948 --- [main] w.s.c.ServletWebServerApplicationContext : Root WebApplicationContext: initialization completed in 1132 ms
2020-08-29 21:22:05.360  INFO 14948 --- [main] o.s.s.concurrent.ThreadPoolTaskExecutor  : Initializing ExecutorService 'applicationTaskExecutor'
2020-08-29 21:22:05.591  INFO 14948 --- [main] o.s.b.a.e.web.EndpointLinksResolver      : Exposing 5 endpoint(s) beneath base path '/actuator'
2020-08-29 21:22:05.634  INFO 14948 --- [main] o.s.b.w.embedded.tomcat.TomcatWebServer  : Tomcat started on port(s): 8084 (http) with context path ''
2020-08-29 21:22:06.066  INFO 14948 --- [RMI TCP Connection(3)-192.168.126.39] o.a.c.c.C.[Tomcat].[localhost].[/]       : Initializing Spring DispatcherServlet 'dispatcherServlet'
2020-08-29 21:22:06.067  INFO 14948 --- [RMI TCP Connection(3)-192.168.126.39] o.s.web.servlet.DispatcherServlet        : Initializing Servlet 'dispatcherServlet'
2020-08-29 21:22:06.073  INFO 14948 --- [RMI TCP Connection(3)-192.168.126.39] o.s.web.servlet.DispatcherServlet        : Completed initialization in 6 ms
2020-08-29 22:02:11.037  INFO 5748 --- [main] o.s.b.w.embedded.tomcat.TomcatWebServer  : Tomcat initialized with port(s): 8084 (http)
2020-08-29 22:02:11.047  INFO 5748 --- [main] o.apache.catalina.core.StandardService   : Starting service [Tomcat]
2020-08-29 22:02:11.047  INFO 5748 --- [main] org.apache.catalina.core.StandardEngine  : Starting Servlet engine: [Apache Tomcat/9.0.37]
2020-08-29 22:02:11.136  INFO 5748 --- [main] o.a.c.c.C.[Tomcat].[localhost].[/]       : Initializing Spring embedded WebApplicationContext
2020-08-29 22:02:11.137  INFO 5748 --- [main] w.s.c.ServletWebServerApplicationContext : Root WebApplicationContext: initialization completed in 1163 ms
2020-08-29 22:02:11.391  INFO 5748 --- [main] o.s.s.concurrent.ThreadPoolTaskExecutor  : Initializing ExecutorService 'applicationTaskExecutor'
2020-08-29 22:02:11.608  INFO 5748 --- [main] o.s.b.a.e.web.EndpointLinksResolver      : Exposing 6 endpoint(s) beneath base path '/actuator'
2020-08-29 22:02:11.647  INFO 5748 --- [main] o.s.b.w.embedded.tomcat.TomcatWebServer  : Tomcat started on port(s): 8084 (http) with context path ''
2020-08-29 22:02:11.730  INFO 5748 --- [RMI TCP Connection(3)-192.168.126.39] o.a.c.c.C.[Tomcat].[localhost].[/]       : Initializing Spring DispatcherServlet 'dispatcherServlet'
2020-08-29 22:02:11.731  INFO 5748 --- [RMI TCP Connection(3)-192.168.126.39] o.s.web.servlet.DispatcherServlet        : Initializing Servlet 'dispatcherServlet'
2020-08-29 22:02:11.737  INFO 5748 --- [RMI TCP Connection(3)-192.168.126.39] o.s.web.servlet.DispatcherServlet        : Completed initialization in 6 ms
2020-08-29 22:28:26.504  INFO 11124 --- [main] o.s.b.w.embedded.tomcat.TomcatWebServer  : Tomcat initialized with port(s): 8084 (http)
2020-08-29 22:28:26.512  INFO 11124 --- [main] o.apache.catalina.core.StandardService   : Starting service [Tomcat]
2020-08-29 22:28:26.513  INFO 11124 --- [main] org.apache.catalina.core.StandardEngine  : Starting Servlet engine: [Apache Tomcat/9.0.37]
2020-08-29 22:28:26.600  INFO 11124 --- [main] o.a.c.c.C.[Tomcat].[localhost].[/]       : Initializing Spring embedded WebApplicationContext
2020-08-29 22:28:26.600  INFO 11124 --- [main] w.s.c.ServletWebServerApplicationContext : Root WebApplicationContext: initialization completed in 1277 ms
2020-08-29 22:28:26.864  INFO 11124 --- [main] o.s.s.concurrent.ThreadPoolTaskExecutor  : Initializing ExecutorService 'applicationTaskExecutor'
2020-08-29 22:28:27.095  INFO 11124 --- [main] o.s.b.a.e.web.EndpointLinksResolver      : Exposing 6 endpoint(s) beneath base path '/actuator'
2020-08-29 22:28:27.136  INFO 11124 --- [main] o.s.b.w.embedded.tomcat.TomcatWebServer  : Tomcat started on port(s): 8084 (http) with context path ''
2020-08-29 22:28:27.155  INFO 11124 --- [main] ConditionEvaluationReportLoggingListener : 

Error starting ApplicationContext. To display the conditions report re-run your application with 'debug' enabled.
2020-08-29 22:28:27.169 ERROR 11124 --- [main] o.s.boot.SpringApplication               : Application run failed

java.lang.IllegalStateException: Failed to execute CommandLineRunner
	at org.springframework.boot.SpringApplication.callRunner(SpringApplication.java:798) ~[spring-boot-2.3.3.RELEASE.jar:2.3.3.RELEASE]
	at org.springframework.boot.SpringApplication.callRunners(SpringApplication.java:779) ~[spring-boot-2.3.3.RELEASE.jar:2.3.3.RELEASE]
	at org.springframework.boot.SpringApplication.run(SpringApplication.java:322) ~[spring-boot-2.3.3.RELEASE.jar:2.3.3.RELEASE]
	at org.springframework.boot.SpringApplication.run(SpringApplication.java:1237) ~[spring-boot-2.3.3.RELEASE.jar:2.3.3.RELEASE]
	at org.springframework.boot.SpringApplication.run(SpringApplication.java:1226) ~[spring-boot-2.3.3.RELEASE.jar:2.3.3.RELEASE]
	at com.safetynet.alerts.AlertsApplication.main(AlertsApplication.java:13) ~[classes/:na]
Caused by: java.io.FileNotFoundException: data.json (Le fichier spécifié est introuvable)
	at java.base/java.io.FileInputStream.open0(Native Method) ~[na:na]
	at java.base/java.io.FileInputStream.open(FileInputStream.java:212) ~[na:na]
	at java.base/java.io.FileInputStream.<init>(FileInputStream.java:154) ~[na:na]
	at com.fasterxml.jackson.core.JsonFactory.createParser(JsonFactory.java:916) ~[jackson-core-2.11.2.jar:2.11.2]
	at com.fasterxml.jackson.databind.ObjectMapper.readValue(ObjectMapper.java:3331) ~[jackson-databind-2.11.2.jar:2.11.2]
	at com.safetynet.alerts.service.DataServiceImpl.init(DataServiceImpl.java:15) ~[classes/:na]
	at com.safetynet.alerts.AlertsApplication.lambda$init$0(AlertsApplication.java:19) ~[classes/:na]
	at org.springframework.boot.SpringApplication.callRunner(SpringApplication.java:795) ~[spring-boot-2.3.3.RELEASE.jar:2.3.3.RELEASE]
	... 5 common frames omitted

2020-08-29 22:28:27.200  INFO 11124 --- [main] o.s.s.concurrent.ThreadPoolTaskExecutor  : Shutting down ExecutorService 'applicationTaskExecutor'
2020-08-29 22:31:29.364  INFO 18140 --- [main] o.s.b.w.embedded.tomcat.TomcatWebServer  : Tomcat initialized with port(s): 8084 (http)
2020-08-29 22:31:29.373  INFO 18140 --- [main] o.apache.catalina.core.StandardService   : Starting service [Tomcat]
2020-08-29 22:31:29.373  INFO 18140 --- [main] org.apache.catalina.core.StandardEngine  : Starting Servlet engine: [Apache Tomcat/9.0.37]
2020-08-29 22:31:29.462  INFO 18140 --- [main] o.a.c.c.C.[Tomcat].[localhost].[/]       : Initializing Spring embedded WebApplicationContext
2020-08-29 22:31:29.463  INFO 18140 --- [main] w.s.c.ServletWebServerApplicationContext : Root WebApplicationContext: initialization completed in 1300 ms
2020-08-29 22:31:29.712  INFO 18140 --- [main] o.s.s.concurrent.ThreadPoolTaskExecutor  : Initializing ExecutorService 'applicationTaskExecutor'
2020-08-29 22:31:29.936  INFO 18140 --- [main] o.s.b.a.e.web.EndpointLinksResolver      : Exposing 6 endpoint(s) beneath base path '/actuator'
2020-08-29 22:31:29.975  INFO 18140 --- [main] o.s.b.w.embedded.tomcat.TomcatWebServer  : Tomcat started on port(s): 8084 (http) with context path ''
2020-08-29 22:31:29.994  INFO 18140 --- [main] ConditionEvaluationReportLoggingListener : 

Error starting ApplicationContext. To display the conditions report re-run your application with 'debug' enabled.
2020-08-29 22:31:30.004 ERROR 18140 --- [main] o.s.boot.SpringApplication               : Application run failed

java.lang.IllegalStateException: Failed to execute CommandLineRunner
	at org.springframework.boot.SpringApplication.callRunner(SpringApplication.java:798) ~[spring-boot-2.3.3.RELEASE.jar:2.3.3.RELEASE]
	at org.springframework.boot.SpringApplication.callRunners(SpringApplication.java:779) ~[spring-boot-2.3.3.RELEASE.jar:2.3.3.RELEASE]
	at org.springframework.boot.SpringApplication.run(SpringApplication.java:322) ~[spring-boot-2.3.3.RELEASE.jar:2.3.3.RELEASE]
	at org.springframework.boot.SpringApplication.run(SpringApplication.java:1237) ~[spring-boot-2.3.3.RELEASE.jar:2.3.3.RELEASE]
	at org.springframework.boot.SpringApplication.run(SpringApplication.java:1226) ~[spring-boot-2.3.3.RELEASE.jar:2.3.3.RELEASE]
	at com.safetynet.alerts.AlertsApplication.main(AlertsApplication.java:13) ~[classes/:na]
Caused by: java.io.FileNotFoundException: \data.json (Le fichier spécifié est introuvable)
	at java.base/java.io.FileInputStream.open0(Native Method) ~[na:na]
	at java.base/java.io.FileInputStream.open(FileInputStream.java:212) ~[na:na]
	at java.base/java.io.FileInputStream.<init>(FileInputStream.java:154) ~[na:na]
	at com.fasterxml.jackson.core.JsonFactory.createParser(JsonFactory.java:916) ~[jackson-core-2.11.2.jar:2.11.2]
	at com.fasterxml.jackson.databind.ObjectMapper.readValue(ObjectMapper.java:3331) ~[jackson-databind-2.11.2.jar:2.11.2]
	at com.safetynet.alerts.service.DataServiceImpl.init(DataServiceImpl.java:15) ~[classes/:na]
	at com.safetynet.alerts.AlertsApplication.lambda$init$0(AlertsApplication.java:19) ~[classes/:na]
	at org.springframework.boot.SpringApplication.callRunner(SpringApplication.java:795) ~[spring-boot-2.3.3.RELEASE.jar:2.3.3.RELEASE]
	... 5 common frames omitted

2020-08-29 22:31:30.029  INFO 18140 --- [main] o.s.s.concurrent.ThreadPoolTaskExecutor  : Shutting down ExecutorService 'applicationTaskExecutor'
2020-08-29 22:37:32.360  INFO 7224 --- [main] o.s.b.w.embedded.tomcat.TomcatWebServer  : Tomcat initialized with port(s): 8084 (http)
2020-08-29 22:37:32.369  INFO 7224 --- [main] o.apache.catalina.core.StandardService   : Starting service [Tomcat]
2020-08-29 22:37:32.369  INFO 7224 --- [main] org.apache.catalina.core.StandardEngine  : Starting Servlet engine: [Apache Tomcat/9.0.37]
2020-08-29 22:37:32.471  INFO 7224 --- [main] o.a.c.c.C.[Tomcat].[localhost].[/]       : Initializing Spring embedded WebApplicationContext
2020-08-29 22:37:32.471  INFO 7224 --- [main] w.s.c.ServletWebServerApplicationContext : Root WebApplicationContext: initialization completed in 1164 ms
2020-08-29 22:37:32.729  INFO 7224 --- [main] o.s.s.concurrent.ThreadPoolTaskExecutor  : Initializing ExecutorService 'applicationTaskExecutor'
2020-08-29 22:37:32.947  INFO 7224 --- [main] o.s.b.a.e.web.EndpointLinksResolver      : Exposing 6 endpoint(s) beneath base path '/actuator'
2020-08-29 22:37:32.985  INFO 7224 --- [main] o.s.b.w.embedded.tomcat.TomcatWebServer  : Tomcat started on port(s): 8084 (http) with context path ''
2020-08-29 22:37:33.003  INFO 7224 --- [main] ConditionEvaluationReportLoggingListener : 

Error starting ApplicationContext. To display the conditions report re-run your application with 'debug' enabled.
2020-08-29 22:37:33.012 ERROR 7224 --- [main] o.s.boot.SpringApplication               : Application run failed

java.lang.IllegalStateException: Failed to execute CommandLineRunner
	at org.springframework.boot.SpringApplication.callRunner(SpringApplication.java:798) ~[spring-boot-2.3.3.RELEASE.jar:2.3.3.RELEASE]
	at org.springframework.boot.SpringApplication.callRunners(SpringApplication.java:779) ~[spring-boot-2.3.3.RELEASE.jar:2.3.3.RELEASE]
	at org.springframework.boot.SpringApplication.run(SpringApplication.java:322) ~[spring-boot-2.3.3.RELEASE.jar:2.3.3.RELEASE]
	at org.springframework.boot.SpringApplication.run(SpringApplication.java:1237) ~[spring-boot-2.3.3.RELEASE.jar:2.3.3.RELEASE]
	at org.springframework.boot.SpringApplication.run(SpringApplication.java:1226) ~[spring-boot-2.3.3.RELEASE.jar:2.3.3.RELEASE]
	at com.safetynet.alerts.AlertsApplication.main(AlertsApplication.java:13) ~[classes/:na]
Caused by: java.lang.RuntimeException: java.lang.IllegalArgumentException: argument "src" is null
	at com.safetynet.alerts.service.DataServiceImpl.init(DataServiceImpl.java:37) ~[classes/:na]
	at com.safetynet.alerts.AlertsApplication.lambda$init$0(AlertsApplication.java:19) ~[classes/:na]
	at org.springframework.boot.SpringApplication.callRunner(SpringApplication.java:795) ~[spring-boot-2.3.3.RELEASE.jar:2.3.3.RELEASE]
	... 5 common frames omitted
Caused by: java.lang.IllegalArgumentException: argument "src" is null
	at com.fasterxml.jackson.databind.ObjectMapper._assertNotNull(ObjectMapper.java:4735) ~[jackson-databind-2.11.2.jar:2.11.2]
	at com.fasterxml.jackson.databind.ObjectMapper.readValue(ObjectMapper.java:3502) ~[jackson-databind-2.11.2.jar:2.11.2]
	at com.safetynet.alerts.service.DataServiceImpl.init(DataServiceImpl.java:31) ~[classes/:na]
	... 7 common frames omitted

2020-08-29 22:37:33.034  INFO 7224 --- [main] o.s.s.concurrent.ThreadPoolTaskExecutor  : Shutting down ExecutorService 'applicationTaskExecutor'
2020-08-29 22:39:05.980  INFO 20048 --- [main] o.s.b.w.embedded.tomcat.TomcatWebServer  : Tomcat initialized with port(s): 8084 (http)
2020-08-29 22:39:05.989  INFO 20048 --- [main] o.apache.catalina.core.StandardService   : Starting service [Tomcat]
2020-08-29 22:39:05.989  INFO 20048 --- [main] org.apache.catalina.core.StandardEngine  : Starting Servlet engine: [Apache Tomcat/9.0.37]
2020-08-29 22:39:06.083  INFO 20048 --- [main] o.a.c.c.C.[Tomcat].[localhost].[/]       : Initializing Spring embedded WebApplicationContext
2020-08-29 22:39:06.084  INFO 20048 --- [main] w.s.c.ServletWebServerApplicationContext : Root WebApplicationContext: initialization completed in 1215 ms
2020-08-29 22:39:06.332  INFO 20048 --- [main] o.s.s.concurrent.ThreadPoolTaskExecutor  : Initializing ExecutorService 'applicationTaskExecutor'
2020-08-29 22:39:06.546  INFO 20048 --- [main] o.s.b.a.e.web.EndpointLinksResolver      : Exposing 6 endpoint(s) beneath base path '/actuator'
2020-08-29 22:39:06.593  INFO 20048 --- [main] o.s.b.w.embedded.tomcat.TomcatWebServer  : Tomcat started on port(s): 8084 (http) with context path ''
2020-08-29 22:39:06.611  INFO 20048 --- [main] ConditionEvaluationReportLoggingListener : 

Error starting ApplicationContext. To display the conditions report re-run your application with 'debug' enabled.
2020-08-29 22:39:06.619 ERROR 20048 --- [main] o.s.boot.SpringApplication               : Application run failed

java.lang.IllegalStateException: Failed to execute CommandLineRunner
	at org.springframework.boot.SpringApplication.callRunner(SpringApplication.java:798) ~[spring-boot-2.3.3.RELEASE.jar:2.3.3.RELEASE]
	at org.springframework.boot.SpringApplication.callRunners(SpringApplication.java:779) ~[spring-boot-2.3.3.RELEASE.jar:2.3.3.RELEASE]
	at org.springframework.boot.SpringApplication.run(SpringApplication.java:322) ~[spring-boot-2.3.3.RELEASE.jar:2.3.3.RELEASE]
	at org.springframework.boot.SpringApplication.run(SpringApplication.java:1237) ~[spring-boot-2.3.3.RELEASE.jar:2.3.3.RELEASE]
	at org.springframework.boot.SpringApplication.run(SpringApplication.java:1226) ~[spring-boot-2.3.3.RELEASE.jar:2.3.3.RELEASE]
	at com.safetynet.alerts.AlertsApplication.main(AlertsApplication.java:13) ~[classes/:na]
Caused by: java.lang.RuntimeException: java.lang.IllegalArgumentException: argument "src" is null
	at com.safetynet.alerts.service.DataServiceImpl.init(DataServiceImpl.java:36) ~[classes/:na]
	at com.safetynet.alerts.AlertsApplication.lambda$init$0(AlertsApplication.java:19) ~[classes/:na]
	at org.springframework.boot.SpringApplication.callRunner(SpringApplication.java:795) ~[spring-boot-2.3.3.RELEASE.jar:2.3.3.RELEASE]
	... 5 common frames omitted
Caused by: java.lang.IllegalArgumentException: argument "src" is null
	at com.fasterxml.jackson.databind.ObjectMapper._assertNotNull(ObjectMapper.java:4735) ~[jackson-databind-2.11.2.jar:2.11.2]
	at com.fasterxml.jackson.databind.ObjectMapper.readValue(ObjectMapper.java:3502) ~[jackson-databind-2.11.2.jar:2.11.2]
	at com.safetynet.alerts.service.DataServiceImpl.init(DataServiceImpl.java:31) ~[classes/:na]
	... 7 common frames omitted

2020-08-29 22:39:06.661  INFO 20048 --- [main] o.s.s.concurrent.ThreadPoolTaskExecutor  : Shutting down ExecutorService 'applicationTaskExecutor'
2020-08-29 22:43:30.396  INFO 4388 --- [main] o.s.b.w.embedded.tomcat.TomcatWebServer  : Tomcat initialized with port(s): 8084 (http)
2020-08-29 22:43:30.405  INFO 4388 --- [main] o.apache.catalina.core.StandardService   : Starting service [Tomcat]
2020-08-29 22:43:30.406  INFO 4388 --- [main] org.apache.catalina.core.StandardEngine  : Starting Servlet engine: [Apache Tomcat/9.0.37]
2020-08-29 22:43:30.509  INFO 4388 --- [main] o.a.c.c.C.[Tomcat].[localhost].[/]       : Initializing Spring embedded WebApplicationContext
2020-08-29 22:43:30.510  INFO 4388 --- [main] w.s.c.ServletWebServerApplicationContext : Root WebApplicationContext: initialization completed in 1194 ms
2020-08-29 22:43:30.772  INFO 4388 --- [main] o.s.s.concurrent.ThreadPoolTaskExecutor  : Initializing ExecutorService 'applicationTaskExecutor'
2020-08-29 22:43:30.985  INFO 4388 --- [main] o.s.b.a.e.web.EndpointLinksResolver      : Exposing 6 endpoint(s) beneath base path '/actuator'
2020-08-29 22:43:31.026  INFO 4388 --- [main] o.s.b.w.embedded.tomcat.TomcatWebServer  : Tomcat started on port(s): 8084 (http) with context path ''
2020-08-29 22:43:31.053  INFO 4388 --- [main] ConditionEvaluationReportLoggingListener : 

Error starting ApplicationContext. To display the conditions report re-run your application with 'debug' enabled.
2020-08-29 22:43:31.061 ERROR 4388 --- [main] o.s.boot.SpringApplication               : Application run failed

java.lang.IllegalStateException: Failed to execute CommandLineRunner
	at org.springframework.boot.SpringApplication.callRunner(SpringApplication.java:798) ~[spring-boot-2.3.3.RELEASE.jar:2.3.3.RELEASE]
	at org.springframework.boot.SpringApplication.callRunners(SpringApplication.java:779) ~[spring-boot-2.3.3.RELEASE.jar:2.3.3.RELEASE]
	at org.springframework.boot.SpringApplication.run(SpringApplication.java:322) ~[spring-boot-2.3.3.RELEASE.jar:2.3.3.RELEASE]
	at org.springframework.boot.SpringApplication.run(SpringApplication.java:1237) ~[spring-boot-2.3.3.RELEASE.jar:2.3.3.RELEASE]
	at org.springframework.boot.SpringApplication.run(SpringApplication.java:1226) ~[spring-boot-2.3.3.RELEASE.jar:2.3.3.RELEASE]
	at com.safetynet.alerts.AlertsApplication.main(AlertsApplication.java:13) ~[classes/:na]
Caused by: java.lang.RuntimeException: java.lang.IllegalArgumentException: argument "src" is null
	at com.safetynet.alerts.service.DataServiceImpl.init(DataServiceImpl.java:36) ~[classes/:na]
	at com.safetynet.alerts.AlertsApplication.lambda$init$0(AlertsApplication.java:19) ~[classes/:na]
	at org.springframework.boot.SpringApplication.callRunner(SpringApplication.java:795) ~[spring-boot-2.3.3.RELEASE.jar:2.3.3.RELEASE]
	... 5 common frames omitted
Caused by: java.lang.IllegalArgumentException: argument "src" is null
	at com.fasterxml.jackson.databind.ObjectMapper._assertNotNull(ObjectMapper.java:4735) ~[jackson-databind-2.11.2.jar:2.11.2]
	at com.fasterxml.jackson.databind.ObjectMapper.readValue(ObjectMapper.java:3502) ~[jackson-databind-2.11.2.jar:2.11.2]
	at com.safetynet.alerts.service.DataServiceImpl.init(DataServiceImpl.java:24) ~[classes/:na]
	... 7 common frames omitted

2020-08-29 22:43:31.084  INFO 4388 --- [main] o.s.s.concurrent.ThreadPoolTaskExecutor  : Shutting down ExecutorService 'applicationTaskExecutor'
2020-08-29 22:44:42.761  INFO 924 --- [main] o.s.b.w.embedded.tomcat.TomcatWebServer  : Tomcat initialized with port(s): 8084 (http)
2020-08-29 22:44:42.770  INFO 924 --- [main] o.apache.catalina.core.StandardService   : Starting service [Tomcat]
2020-08-29 22:44:42.770  INFO 924 --- [main] org.apache.catalina.core.StandardEngine  : Starting Servlet engine: [Apache Tomcat/9.0.37]
2020-08-29 22:44:42.862  INFO 924 --- [main] o.a.c.c.C.[Tomcat].[localhost].[/]       : Initializing Spring embedded WebApplicationContext
2020-08-29 22:44:42.862  INFO 924 --- [main] w.s.c.ServletWebServerApplicationContext : Root WebApplicationContext: initialization completed in 1212 ms
2020-08-29 22:44:43.116  INFO 924 --- [main] o.s.s.concurrent.ThreadPoolTaskExecutor  : Initializing ExecutorService 'applicationTaskExecutor'
2020-08-29 22:44:43.338  INFO 924 --- [main] o.s.b.a.e.web.EndpointLinksResolver      : Exposing 6 endpoint(s) beneath base path '/actuator'
2020-08-29 22:44:43.382  INFO 924 --- [main] o.s.b.w.embedded.tomcat.TomcatWebServer  : Tomcat started on port(s): 8084 (http) with context path ''
2020-08-29 22:44:43.933  INFO 924 --- [RMI TCP Connection(3)-192.168.126.39] o.a.c.c.C.[Tomcat].[localhost].[/]       : Initializing Spring DispatcherServlet 'dispatcherServlet'
2020-08-29 22:44:43.934  INFO 924 --- [RMI TCP Connection(3)-192.168.126.39] o.s.web.servlet.DispatcherServlet        : Initializing Servlet 'dispatcherServlet'
2020-08-29 22:44:43.940  INFO 924 --- [RMI TCP Connection(3)-192.168.126.39] o.s.web.servlet.DispatcherServlet        : Completed initialization in 6 ms
2020-08-29 22:45:24.273  INFO 17988 --- [main] o.s.b.w.embedded.tomcat.TomcatWebServer  : Tomcat initialized with port(s): 8084 (http)
2020-08-29 22:45:24.282  INFO 17988 --- [main] o.apache.catalina.core.StandardService   : Starting service [Tomcat]
2020-08-29 22:45:24.282  INFO 17988 --- [main] org.apache.catalina.core.StandardEngine  : Starting Servlet engine: [Apache Tomcat/9.0.37]
2020-08-29 22:45:24.383  INFO 17988 --- [main] o.a.c.c.C.[Tomcat].[localhost].[/]       : Initializing Spring embedded WebApplicationContext
2020-08-29 22:45:24.384  INFO 17988 --- [main] w.s.c.ServletWebServerApplicationContext : Root WebApplicationContext: initialization completed in 1175 ms
2020-08-29 22:45:24.635  INFO 17988 --- [main] o.s.s.concurrent.ThreadPoolTaskExecutor  : Initializing ExecutorService 'applicationTaskExecutor'
2020-08-29 22:45:24.872  INFO 17988 --- [main] o.s.b.a.e.web.EndpointLinksResolver      : Exposing 6 endpoint(s) beneath base path '/actuator'
2020-08-29 22:45:24.911  INFO 17988 --- [main] o.s.b.w.embedded.tomcat.TomcatWebServer  : Tomcat started on port(s): 8084 (http) with context path ''
2020-08-29 22:45:24.968  INFO 17988 --- [main] ConditionEvaluationReportLoggingListener : 

Error starting ApplicationContext. To display the conditions report re-run your application with 'debug' enabled.
2020-08-29 22:45:24.977 ERROR 17988 --- [main] o.s.boot.SpringApplication               : Application run failed

java.lang.IllegalStateException: Failed to execute CommandLineRunner
	at org.springframework.boot.SpringApplication.callRunner(SpringApplication.java:798) ~[spring-boot-2.3.3.RELEASE.jar:2.3.3.RELEASE]
	at org.springframework.boot.SpringApplication.callRunners(SpringApplication.java:779) ~[spring-boot-2.3.3.RELEASE.jar:2.3.3.RELEASE]
	at org.springframework.boot.SpringApplication.run(SpringApplication.java:322) ~[spring-boot-2.3.3.RELEASE.jar:2.3.3.RELEASE]
	at org.springframework.boot.SpringApplication.run(SpringApplication.java:1237) ~[spring-boot-2.3.3.RELEASE.jar:2.3.3.RELEASE]
	at org.springframework.boot.SpringApplication.run(SpringApplication.java:1226) ~[spring-boot-2.3.3.RELEASE.jar:2.3.3.RELEASE]
	at com.safetynet.alerts.AlertsApplication.main(AlertsApplication.java:13) ~[classes/:na]
Caused by: java.lang.RuntimeException: com.fasterxml.jackson.databind.exc.UnrecognizedPropertyException: Unrecognized field "persons" (class com.safetynet.alerts.model.Person), not marked as ignorable (0 known properties: ])
 at [Source: (BufferedInputStream); line: 2, column: 15] (through reference chain: com.safetynet.alerts.model.Person["persons"])
	at com.safetynet.alerts.service.DataServiceImpl.init(DataServiceImpl.java:36) ~[classes/:na]
	at com.safetynet.alerts.AlertsApplication.lambda$init$0(AlertsApplication.java:19) ~[classes/:na]
	at org.springframework.boot.SpringApplication.callRunner(SpringApplication.java:795) ~[spring-boot-2.3.3.RELEASE.jar:2.3.3.RELEASE]
	... 5 common frames omitted
Caused by: com.fasterxml.jackson.databind.exc.UnrecognizedPropertyException: Unrecognized field "persons" (class com.safetynet.alerts.model.Person), not marked as ignorable (0 known properties: ])
 at [Source: (BufferedInputStream); line: 2, column: 15] (through reference chain: com.safetynet.alerts.model.Person["persons"])
	at com.fasterxml.jackson.databind.exc.UnrecognizedPropertyException.from(UnrecognizedPropertyException.java:61) ~[jackson-databind-2.11.2.jar:2.11.2]
	at com.fasterxml.jackson.databind.DeserializationContext.handleUnknownProperty(DeserializationContext.java:855) ~[jackson-databind-2.11.2.jar:2.11.2]
	at com.fasterxml.jackson.databind.deser.std.StdDeserializer.handleUnknownProperty(StdDeserializer.java:1212) ~[jackson-databind-2.11.2.jar:2.11.2]
	at com.fasterxml.jackson.databind.deser.BeanDeserializerBase.handleUnknownProperty(BeanDeserializerBase.java:1604) ~[jackson-databind-2.11.2.jar:2.11.2]
	at com.fasterxml.jackson.databind.deser.BeanDeserializerBase.handleUnknownVanilla(BeanDeserializerBase.java:1582) ~[jackson-databind-2.11.2.jar:2.11.2]
	at com.fasterxml.jackson.databind.deser.BeanDeserializer.vanillaDeserialize(BeanDeserializer.java:299) ~[jackson-databind-2.11.2.jar:2.11.2]
	at com.fasterxml.jackson.databind.deser.BeanDeserializer.deserialize(BeanDeserializer.java:156) ~[jackson-databind-2.11.2.jar:2.11.2]
	at com.fasterxml.jackson.databind.ObjectMapper._readMapAndClose(ObjectMapper.java:4524) ~[jackson-databind-2.11.2.jar:2.11.2]
	at com.fasterxml.jackson.databind.ObjectMapper.readValue(ObjectMapper.java:3503) ~[jackson-databind-2.11.2.jar:2.11.2]
	at com.safetynet.alerts.service.DataServiceImpl.init(DataServiceImpl.java:32) ~[classes/:na]
	... 7 common frames omitted

2020-08-29 22:45:25.001  INFO 17988 --- [main] o.s.s.concurrent.ThreadPoolTaskExecutor  : Shutting down ExecutorService 'applicationTaskExecutor'
2020-08-29 22:46:35.662  INFO 21036 --- [main] o.s.b.w.embedded.tomcat.TomcatWebServer  : Tomcat initialized with port(s): 8084 (http)
2020-08-29 22:46:35.671  INFO 21036 --- [main] o.apache.catalina.core.StandardService   : Starting service [Tomcat]
2020-08-29 22:46:35.671  INFO 21036 --- [main] org.apache.catalina.core.StandardEngine  : Starting Servlet engine: [Apache Tomcat/9.0.37]
2020-08-29 22:46:35.764  INFO 21036 --- [main] o.a.c.c.C.[Tomcat].[localhost].[/]       : Initializing Spring embedded WebApplicationContext
2020-08-29 22:46:35.765  INFO 21036 --- [main] w.s.c.ServletWebServerApplicationContext : Root WebApplicationContext: initialization completed in 1175 ms
2020-08-29 22:46:36.018  INFO 21036 --- [main] o.s.s.concurrent.ThreadPoolTaskExecutor  : Initializing ExecutorService 'applicationTaskExecutor'
2020-08-29 22:46:36.241  INFO 21036 --- [main] o.s.b.a.e.web.EndpointLinksResolver      : Exposing 6 endpoint(s) beneath base path '/actuator'
2020-08-29 22:46:36.284  INFO 21036 --- [main] o.s.b.w.embedded.tomcat.TomcatWebServer  : Tomcat started on port(s): 8084 (http) with context path ''
2020-08-29 22:46:36.849  INFO 21036 --- [RMI TCP Connection(1)-192.168.126.39] o.a.c.c.C.[Tomcat].[localhost].[/]       : Initializing Spring DispatcherServlet 'dispatcherServlet'
2020-08-29 22:46:36.850  INFO 21036 --- [RMI TCP Connection(1)-192.168.126.39] o.s.web.servlet.DispatcherServlet        : Initializing Servlet 'dispatcherServlet'
2020-08-29 22:46:36.856  INFO 21036 --- [RMI TCP Connection(1)-192.168.126.39] o.s.web.servlet.DispatcherServlet        : Completed initialization in 5 ms
